<?xml version="1.0" encoding="UTF-8"?>
<!-- Generated by org.testng.reporters.JUnitXMLReporter -->
<testsuite ignored="0" hostname="DESKTOP-D7HJFR9" failures="0" tests="8" name="Test" time="41.924" errors="0" timestamp="2025-06-02T16:57:11 IST">
  <testcase classname="testNGBikes.HondaBikeTC" name="honda" time="5.061"/>
  <testcase classname="testNGBikes.HarleyaDavidsonBikeTC" name="harleyDavidson" time="7.936"/>
  <testcase classname="testNGCars.BentleyTC" name="bentley" time="3.938"/>
  <testcase classname="testNGCars.bugatiTC" name="bugati" time="4.835"/>
  <testcase classname="testNGBikes.YamahaBikeTC" name="yamaha" time="5.227"/>
  <testcase classname="testNGBikes.BajajBikeTC" name="bajaj" time="4.369"/>
  <testcase classname="testNGCars.bmwTC" name="bmw" time="6.425"/>
  <testcase classname="testNGCars.mercedesTC" name="mercedes" time="4.051"/>
</testsuite> <!-- Test -->
